Unary, Arithmetic, Relational, and Bitwise Operations:
    +x: 5
    -x: -5
    ~x: -6
    x * y: 50
    x / y: 0
    x % y: 5
    x + y: 15
    x - y: -5
    x < y: true
    x <= y: true
    x > y: false
    x >= y: false
    x == y: false
    x != y: true
    x === y: false
    x !== y: true
    x << y: 5120
    x >> y: 0
    x >>> y: 0
    x & y: 0
    x ^ y: 15
    x | y: 15
    
Range Expressions:
    Integer Range Value: 5
    Integer Range Value: 6
    Integer Range Value: 7
    Integer Range Value: 8
    Integer Range Value: 9
    Integer Range Value: 10
